<?xml version="1.0" encoding="UTF-8"?>
<testng-results skipped="0" failed="0" ignored="0" total="1" passed="1">
  <reporter-output>
  </reporter-output>
  <suite name="Default suite" duration-ms="8240" started-at="2018-05-30T12:35:37Z" finished-at="2018-05-30T12:35:45Z">
    <groups>
    </groups>
    <test name="Default test" duration-ms="8240" started-at="2018-05-30T12:35:37Z" finished-at="2018-05-30T12:35:45Z">
      <class name="appium.WebDriverAPI">
        <test-method status="PASS" signature="beforeMethod()[pri:0, instance:appium.WebDriverAPI@573f2bb1]" name="beforeMethod" is-config="true" duration-ms="7435" started-at="2018-05-30T20:35:37Z" finished-at="2018-05-30T20:35:44Z">
          <reporter-output>
          </reporter-output>
        </test-method> <!-- beforeMethod -->
        <test-method status="PASS" signature="f()[pri:0, instance:appium.WebDriverAPI@573f2bb1]" name="f" duration-ms="7" started-at="2018-05-30T20:35:44Z" finished-at="2018-05-30T20:35:44Z">
          <reporter-output>
          </reporter-output>
        </test-method> <!-- f -->
        <test-method status="PASS" signature="afterMethod()[pri:0, instance:appium.WebDriverAPI@573f2bb1]" name="afterMethod" is-config="true" duration-ms="764" started-at="2018-05-30T20:35:44Z" finished-at="2018-05-30T20:35:45Z">
          <reporter-output>
          </reporter-output>
        </test-method> <!-- afterMethod -->
      </class> <!-- appium.WebDriverAPI -->
    </test> <!-- Default test -->
  </suite> <!-- Default suite -->
</testng-results>
